<?xml version="1.0" encoding="UTF-8"?>
<testng-results skipped="0" failed="0" total="1" passed="1">
  <reporter-output>
  </reporter-output>
  <suite name="Default suite" duration-ms="32" started-at="2015-11-19T02:44:20Z" finished-at="2015-11-19T02:44:20Z">
    <groups>
    </groups>
    <test name="Default test" duration-ms="32" started-at="2015-11-19T02:44:20Z" finished-at="2015-11-19T02:44:20Z">
      <class name="GIT_Test.gitTest">
        <test-method status="PASS" signature="test()[pri:0, instance:GIT_Test.gitTest@5a01ccaa]" name="test" duration-ms="13" started-at="2015-11-19T08:14:20Z" finished-at="2015-11-19T08:14:20Z">
          <reporter-output>
          </reporter-output>
        </test-method> <!-- test -->
      </class> <!-- GIT_Test.gitTest -->
    </test> <!-- Default test -->
  </suite> <!-- Default suite -->
</testng-results>
